<?xml version="1.0" encoding="UTF-8"?>
<!-- Generated by org.testng.reporters.JUnitXMLReporter -->
<testsuite hostname="LAPTOP-LS990Q1C" ignored="2" tests="1" failures="1" timestamp="2020-03-19T20:12:14 IST" time="1.575" errors="0">
  <testcase name="loginTest" time="0.017" classname="LoginTest">
    <failure type="java.lang.NullPointerException">
      <![CDATA[java.lang.NullPointerException
at java.util.Objects.requireNonNull(Objects.java:203)
at org.openqa.selenium.support.ui.FluentWait.<init>(FluentWait.java:106)
at org.openqa.selenium.support.ui.WebDriverWait.<init>(WebDriverWait.java:85)
at org.openqa.selenium.support.ui.WebDriverWait.<init>(WebDriverWait.java:45)
at Pages.AbstractPage.<init>(AbstractPage.java:16)
at Pages.LoginPage.<init>(LoginPage.java:17)
at LoginTest.loginTest(LoginTest.java:8)
at java.util.ArrayList.forEach(ArrayList.java:1257)
... Removed 37 stack frames]]>
    </failure>
  </testcase> <!-- loginTest -->
  <testcase name="@BeforeTest setupDriver" time="0.0" classname="BaseTest">
    <ignored/>
  </testcase> <!-- @BeforeTest setupDriver -->
  <testcase name="@AfterTest closeDriver" time="0.0" classname="BaseTest">
    <ignored/>
  </testcase> <!-- @AfterTest closeDriver -->
</testsuite>
